<?xml version="1.0" encoding="UTF-8"?>
<testsuite xmlns:xsi="http://www.w3.org/2001/XMLSchema-instance" xsi:noNamespaceSchemaLocation="https://maven.apache.org/surefire/maven-surefire-plugin/xsd/surefire-test-report.xsd" name="com.itheima.test.TestJdbc" time="0.056" tests="1" errors="0" skipped="0" failures="0">
  <properties>
    <property name="java.specification.version" value="13"/>
    <property name="sun.cpu.isalist" value="amd64"/>
    <property name="sun.jnu.encoding" value="GBK"/>
    <property name="java.class.path" value="D:\IdeaProjects\frame\heima_ssm\heima_ssm_web\target\test-classes;D:\IdeaProjects\frame\heima_ssm\heima_ssm_web\target\classes;D:\IdeaProjects\frame\heima_ssm\heima_ssm_service\target\heima_ssm_service-1.0-SNAPSHOT.jar;D:\IdeaProjects\frame\heima_ssm\heima_ssm_domain\target\heima_ssm_domain-1.0-SNAPSHOT.jar;D:\IdeaProjects\frame\heima_ssm\heima_ssm_utils\target\heima_ssm_utils-1.0-SNAPSHOT.jar;D:\IdeaProjects\frame\heima_ssm\heima_ssm_dao\target\heima_ssm_dao-1.0-SNAPSHOT.jar;D:\LocalLib\maven_repository\org\aspectj\aspectjweaver\1.6.8\aspectjweaver-1.6.8.jar;D:\LocalLib\maven_repository\org\springframework\spring-aop\5.2.3.RELEASE\spring-aop-5.2.3.RELEASE.jar;D:\LocalLib\maven_repository\org\springframework\spring-context\5.2.3.RELEASE\spring-context-5.2.3.RELEASE.jar;D:\LocalLib\maven_repository\org\springframework\spring-expression\5.2.3.RELEASE\spring-expression-5.2.3.RELEASE.jar;D:\LocalLib\maven_repository\org\springframework\spring-context-support\5.2.3.RELEASE\spring-context-support-5.2.3.RELEASE.jar;D:\LocalLib\maven_repository\org\springframework\spring-web\5.2.3.RELEASE\spring-web-5.2.3.RELEASE.jar;D:\LocalLib\maven_repository\org\springframework\spring-orm\5.2.3.RELEASE\spring-orm-5.2.3.RELEASE.jar;D:\LocalLib\maven_repository\org\springframework\spring-jdbc\5.2.3.RELEASE\spring-jdbc-5.2.3.RELEASE.jar;D:\LocalLib\maven_repository\org\springframework\spring-beans\5.2.3.RELEASE\spring-beans-5.2.3.RELEASE.jar;D:\LocalLib\maven_repository\org\springframework\spring-core\5.2.3.RELEASE\spring-core-5.2.3.RELEASE.jar;D:\LocalLib\maven_repository\org\springframework\spring-jcl\5.2.3.RELEASE\spring-jcl-5.2.3.RELEASE.jar;D:\LocalLib\maven_repository\org\springframework\spring-test\5.2.3.RELEASE\spring-test-5.2.3.RELEASE.jar;D:\LocalLib\maven_repository\org\springframework\spring-webmvc\5.2.3.RELEASE\spring-webmvc-5.2.3.RELEASE.jar;D:\LocalLib\maven_repository\org\springframework\spring-tx\5.2.3.RELEASE\spring-tx-5.2.3.RELEASE.jar;D:\LocalLib\maven_repository\jstl\jstl\1.2\jstl-1.2.jar;D:\LocalLib\maven_repository\log4j\log4j\1.2.12\log4j-1.2.12.jar;D:\LocalLib\maven_repository\org\slf4j\slf4j-api\1.6.6\slf4j-api-1.6.6.jar;D:\LocalLib\maven_repository\org\slf4j\slf4j-log4j12\1.6.6\slf4j-log4j12-1.6.6.jar;D:\LocalLib\maven_repository\org\mybatis\mybatis\3.4.5\mybatis-3.4.5.jar;D:\LocalLib\maven_repository\org\mybatis\mybatis-spring\1.3.0\mybatis-spring-1.3.0.jar;D:\LocalLib\maven_repository\c3p0\c3p0\0.9.1.2\c3p0-0.9.1.2.jar;D:\LocalLib\maven_repository\com\github\pagehelper\pagehelper\5.1.2\pagehelper-5.1.2.jar;D:\LocalLib\maven_repository\com\github\jsqlparser\jsqlparser\1.0\jsqlparser-1.0.jar;D:\LocalLib\maven_repository\org\springframework\security\spring-security-web\5.0.1.RELEASE\spring-security-web-5.0.1.RELEASE.jar;D:\LocalLib\maven_repository\org\springframework\security\spring-security-config\5.0.1.RELEASE\spring-security-config-5.0.1.RELEASE.jar;D:\LocalLib\maven_repository\org\springframework\security\spring-security-core\5.0.1.RELEASE\spring-security-core-5.0.1.RELEASE.jar;D:\LocalLib\maven_repository\org\springframework\security\spring-security-taglibs\5.0.1.RELEASE\spring-security-taglibs-5.0.1.RELEASE.jar;D:\LocalLib\maven_repository\org\springframework\security\spring-security-acl\5.0.1.RELEASE\spring-security-acl-5.0.1.RELEASE.jar;D:\LocalLib\maven_repository\com\oracle\ojdbc6\11.2.0.1.0\ojdbc6-11.2.0.1.0.jar;D:\LocalLib\maven_repository\javax\annotation\jsr250-api\1.0\jsr250-api-1.0.jar;D:\LocalLib\maven_repository\mysql\mysql-connector-java\8.0.19\mysql-connector-java-8.0.19.jar;D:\LocalLib\maven_repository\com\google\protobuf\protobuf-java\3.6.1\protobuf-java-3.6.1.jar;D:\LocalLib\maven_repository\junit\junit\4.12\junit-4.12.jar;D:\LocalLib\maven_repository\org\hamcrest\hamcrest-core\1.3\hamcrest-core-1.3.jar;D:\LocalLib\maven_repository\javax\servlet\javax.servlet-api\3.1.0\javax.servlet-api-3.1.0.jar;"/>
    <property name="java.vm.vendor" value="Oracle Corporation"/>
    <property name="sun.arch.data.model" value="64"/>
    <property name="user.variant" value=""/>
    <property name="java.vendor.url" value="https://java.oracle.com/"/>
    <property name="user.timezone" value="Asia/Shanghai"/>
    <property name="os.name" value="Windows 10"/>
    <property name="java.vm.specification.version" value="13"/>
    <property name="sun.java.launcher" value="SUN_STANDARD"/>
    <property name="user.country" value="CN"/>
    <property name="sun.boot.library.path" value="E:\Java\jdk-13.02\bin"/>
    <property name="sun.java.command" value="C:\Users\lhhh\AppData\Local\Temp\surefire5388106340689114774\surefirebooter5033881396396319497.jar C:\Users\lhhh\AppData\Local\Temp\surefire5388106340689114774 2020-03-29T09-52-03_969-jvmRun1 surefire8770359333076231248tmp surefire_01643020156641719000tmp"/>
    <property name="jdk.debug" value="release"/>
    <property name="surefire.test.class.path" value="D:\IdeaProjects\frame\heima_ssm\heima_ssm_web\target\test-classes;D:\IdeaProjects\frame\heima_ssm\heima_ssm_web\target\classes;D:\IdeaProjects\frame\heima_ssm\heima_ssm_service\target\heima_ssm_service-1.0-SNAPSHOT.jar;D:\IdeaProjects\frame\heima_ssm\heima_ssm_domain\target\heima_ssm_domain-1.0-SNAPSHOT.jar;D:\IdeaProjects\frame\heima_ssm\heima_ssm_utils\target\heima_ssm_utils-1.0-SNAPSHOT.jar;D:\IdeaProjects\frame\heima_ssm\heima_ssm_dao\target\heima_ssm_dao-1.0-SNAPSHOT.jar;D:\LocalLib\maven_repository\org\aspectj\aspectjweaver\1.6.8\aspectjweaver-1.6.8.jar;D:\LocalLib\maven_repository\org\springframework\spring-aop\5.2.3.RELEASE\spring-aop-5.2.3.RELEASE.jar;D:\LocalLib\maven_repository\org\springframework\spring-context\5.2.3.RELEASE\spring-context-5.2.3.RELEASE.jar;D:\LocalLib\maven_repository\org\springframework\spring-expression\5.2.3.RELEASE\spring-expression-5.2.3.RELEASE.jar;D:\LocalLib\maven_repository\org\springframework\spring-context-support\5.2.3.RELEASE\spring-context-support-5.2.3.RELEASE.jar;D:\LocalLib\maven_repository\org\springframework\spring-web\5.2.3.RELEASE\spring-web-5.2.3.RELEASE.jar;D:\LocalLib\maven_repository\org\springframework\spring-orm\5.2.3.RELEASE\spring-orm-5.2.3.RELEASE.jar;D:\LocalLib\maven_repository\org\springframework\spring-jdbc\5.2.3.RELEASE\spring-jdbc-5.2.3.RELEASE.jar;D:\LocalLib\maven_repository\org\springframework\spring-beans\5.2.3.RELEASE\spring-beans-5.2.3.RELEASE.jar;D:\LocalLib\maven_repository\org\springframework\spring-core\5.2.3.RELEASE\spring-core-5.2.3.RELEASE.jar;D:\LocalLib\maven_repository\org\springframework\spring-jcl\5.2.3.RELEASE\spring-jcl-5.2.3.RELEASE.jar;D:\LocalLib\maven_repository\org\springframework\spring-test\5.2.3.RELEASE\spring-test-5.2.3.RELEASE.jar;D:\LocalLib\maven_repository\org\springframework\spring-webmvc\5.2.3.RELEASE\spring-webmvc-5.2.3.RELEASE.jar;D:\LocalLib\maven_repository\org\springframework\spring-tx\5.2.3.RELEASE\spring-tx-5.2.3.RELEASE.jar;D:\LocalLib\maven_repository\jstl\jstl\1.2\jstl-1.2.jar;D:\LocalLib\maven_repository\log4j\log4j\1.2.12\log4j-1.2.12.jar;D:\LocalLib\maven_repository\org\slf4j\slf4j-api\1.6.6\slf4j-api-1.6.6.jar;D:\LocalLib\maven_repository\org\slf4j\slf4j-log4j12\1.6.6\slf4j-log4j12-1.6.6.jar;D:\LocalLib\maven_repository\org\mybatis\mybatis\3.4.5\mybatis-3.4.5.jar;D:\LocalLib\maven_repository\org\mybatis\mybatis-spring\1.3.0\mybatis-spring-1.3.0.jar;D:\LocalLib\maven_repository\c3p0\c3p0\0.9.1.2\c3p0-0.9.1.2.jar;D:\LocalLib\maven_repository\com\github\pagehelper\pagehelper\5.1.2\pagehelper-5.1.2.jar;D:\LocalLib\maven_repository\com\github\jsqlparser\jsqlparser\1.0\jsqlparser-1.0.jar;D:\LocalLib\maven_repository\org\springframework\security\spring-security-web\5.0.1.RELEASE\spring-security-web-5.0.1.RELEASE.jar;D:\LocalLib\maven_repository\org\springframework\security\spring-security-config\5.0.1.RELEASE\spring-security-config-5.0.1.RELEASE.jar;D:\LocalLib\maven_repository\org\springframework\security\spring-security-core\5.0.1.RELEASE\spring-security-core-5.0.1.RELEASE.jar;D:\LocalLib\maven_repository\org\springframework\security\spring-security-taglibs\5.0.1.RELEASE\spring-security-taglibs-5.0.1.RELEASE.jar;D:\LocalLib\maven_repository\org\springframework\security\spring-security-acl\5.0.1.RELEASE\spring-security-acl-5.0.1.RELEASE.jar;D:\LocalLib\maven_repository\com\oracle\ojdbc6\11.2.0.1.0\ojdbc6-11.2.0.1.0.jar;D:\LocalLib\maven_repository\javax\annotation\jsr250-api\1.0\jsr250-api-1.0.jar;D:\LocalLib\maven_repository\mysql\mysql-connector-java\8.0.19\mysql-connector-java-8.0.19.jar;D:\LocalLib\maven_repository\com\google\protobuf\protobuf-java\3.6.1\protobuf-java-3.6.1.jar;D:\LocalLib\maven_repository\junit\junit\4.12\junit-4.12.jar;D:\LocalLib\maven_repository\org\hamcrest\hamcrest-core\1.3\hamcrest-core-1.3.jar;D:\LocalLib\maven_repository\javax\servlet\javax.servlet-api\3.1.0\javax.servlet-api-3.1.0.jar;"/>
    <property name="sun.cpu.endian" value="little"/>
    <property name="user.home" value="C:\Users\lhhh"/>
    <property name="user.language" value="zh"/>
    <property name="java.specification.vendor" value="Oracle Corporation"/>
    <property name="java.version.date" value="2020-01-14"/>
    <property name="java.home" value="E:\Java\jdk-13.02"/>
    <property name="file.separator" value="\"/>
    <property name="basedir" value="D:\IdeaProjects\frame\heima_ssm\heima_ssm_web"/>
    <property name="java.vm.compressedOopsMode" value="32-bit"/>
    <property name="line.separator" value="&#10;"/>
    <property name="java.vm.specification.vendor" value="Oracle Corporation"/>
    <property name="java.specification.name" value="Java Platform API Specification"/>
    <property name="surefire.real.class.path" value="C:\Users\lhhh\AppData\Local\Temp\surefire5388106340689114774\surefirebooter5033881396396319497.jar"/>
    <property name="user.script" value=""/>
    <property name="sun.management.compiler" value="HotSpot 64-Bit Tiered Compilers"/>
    <property name="java.runtime.version" value="13.0.2+8"/>
    <property name="user.name" value="lhhh"/>
    <property name="path.separator" value=";"/>
    <property name="os.version" value="10.0"/>
    <property name="java.runtime.name" value="Java(TM) SE Runtime Environment"/>
    <property name="file.encoding" value="GBK"/>
    <property name="java.vm.name" value="Java HotSpot(TM) 64-Bit Server VM"/>
    <property name="idea.version2020.1" value="true"/>
    <property name="localRepository" value="D:\LocalLib\maven_repository"/>
    <property name="java.vendor.url.bug" value="https://bugreport.java.com/bugreport/"/>
    <property name="java.io.tmpdir" value="C:\Users\lhhh\AppData\Local\Temp\"/>
    <property name="java.version" value="13.0.2"/>
    <property name="user.dir" value="D:\IdeaProjects\frame\heima_ssm\heima_ssm_web"/>
    <property name="os.arch" value="amd64"/>
    <property name="java.vm.specification.name" value="Java Virtual Machine Specification"/>
    <property name="sun.os.patch.level" value=""/>
    <property name="java.library.path" value="E:\Java\jdk-13.02\bin;C:\WINDOWS\Sun\Java\bin;C:\WINDOWS\system32;C:\WINDOWS;E:\app\lhhh\product\11.2.0\dbhome_1\bin;E:\Java\jdk-13.02\bin;D:\apache-maven-3.6.3\bin;D:\VisualSVN Server\bin;D:\TortoiseSVN\bin;C:\Program Files\MySQL\MySQL Shell 8.0\bin\;C:\Users\lhhh\AppData\Local\Microsoft\WindowsApps;C:\Program Files\MySQL\MySQL Server 8.0\bin;C:\windows\system32;;."/>
    <property name="java.vm.info" value="mixed mode, sharing"/>
    <property name="java.vendor" value="Oracle Corporation"/>
    <property name="java.vm.version" value="13.0.2+8"/>
    <property name="sun.io.unicode.encoding" value="UnicodeLittle"/>
    <property name="maven.repo.local" value="D:\LocalLib\maven_repository"/>
    <property name="java.class.version" value="57.0"/>
  </properties>
  <testcase name="test" classname="com.itheima.test.TestJdbc" time="0.002"/>
</testsuite>